Traceback (most recent call last):
  File "/home/stefan/anaconda3/envs/tiagongHER/lib/python3.7/site-packages/gym/envs/registration.py", line 121, in spec
    return self.env_specs[id]
KeyError: 'ur5_PickAndPlace-v1'

During handling of the above exception, another exception occurred:

Traceback (most recent call last):
  File "train.py", line 55, in <module>
    launch(args)
  File "train.py", line 33, in launch
    env = gym.make(args.env_name)
  File "/home/stefan/anaconda3/envs/tiagongHER/lib/python3.7/site-packages/gym/envs/registration.py", line 145, in make
    return registry.make(id, **kwargs)
  File "/home/stefan/anaconda3/envs/tiagongHER/lib/python3.7/site-packages/gym/envs/registration.py", line 89, in make
    spec = self.spec(path)
  File "/home/stefan/anaconda3/envs/tiagongHER/lib/python3.7/site-packages/gym/envs/registration.py", line 131, in spec
    raise error.UnregisteredEnv('No registered env with id: {}'.format(id))
gym.error.UnregisteredEnv: No registered env with id: ur5_PickAndPlace-v1
Traceback (most recent call last):
  File "/home/stefan/anaconda3/envs/tiagongHER/lib/python3.7/site-packages/gym/envs/registration.py", line 121, in spec
    return self.env_specs[id]
KeyError: 'ur5_PickAndPlace-v1'

During handling of the above exception, another exception occurred:

Traceback (most recent call last):
  File "train.py", line 55, in <module>
    launch(args)
  File "train.py", line 33, in launch
    env = gym.make(args.env_name)
  File "/home/stefan/anaconda3/envs/tiagongHER/lib/python3.7/site-packages/gym/envs/registration.py", line 145, in make
    return registry.make(id, **kwargs)
  File "/home/stefan/anaconda3/envs/tiagongHER/lib/python3.7/site-packages/gym/envs/registration.py", line 89, in make
    spec = self.spec(path)
  File "/home/stefan/anaconda3/envs/tiagongHER/lib/python3.7/site-packages/gym/envs/registration.py", line 131, in spec
    raise error.UnregisteredEnv('No registered env with id: {}'.format(id))
gym.error.UnregisteredEnv: No registered env with id: ur5_PickAndPlace-v1
Traceback (most recent call last):
  File "/home/stefan/anaconda3/envs/tiagongHER/lib/python3.7/site-packages/gym/envs/registration.py", line 121, in spec
    return self.env_specs[id]
KeyError: 'ur5_PickAndPlace-v1'

During handling of the above exception, another exception occurred:

Traceback (most recent call last):
  File "train.py", line 55, in <module>
    launch(args)
  File "train.py", line 33, in launch
    env = gym.make(args.env_name)
  File "/home/stefan/anaconda3/envs/tiagongHER/lib/python3.7/site-packages/gym/envs/registration.py", line 145, in make
    return registry.make(id, **kwargs)
  File "/home/stefan/anaconda3/envs/tiagongHER/lib/python3.7/site-packages/gym/envs/registration.py", line 89, in make
Traceback (most recent call last):
  File "/home/stefan/anaconda3/envs/tiagongHER/lib/python3.7/site-packages/gym/envs/registration.py", line 121, in spec
    spec = self.spec(path)
  File "/home/stefan/anaconda3/envs/tiagongHER/lib/python3.7/site-packages/gym/envs/registration.py", line 131, in spec
    return self.env_specs[id]
    raise error.UnregisteredEnv('No registered env with id: {}'.format(id))
gym.error.UnregisteredEnv: No registered env with id: ur5_PickAndPlace-v1
KeyError: 'ur5_PickAndPlace-v1'

During handling of the above exception, another exception occurred:

Traceback (most recent call last):
  File "train.py", line 55, in <module>
    launch(args)
  File "train.py", line 33, in launch
    env = gym.make(args.env_name)
  File "/home/stefan/anaconda3/envs/tiagongHER/lib/python3.7/site-packages/gym/envs/registration.py", line 145, in make
    return registry.make(id, **kwargs)
  File "/home/stefan/anaconda3/envs/tiagongHER/lib/python3.7/site-packages/gym/envs/registration.py", line 89, in make
    spec = self.spec(path)
  File "/home/stefan/anaconda3/envs/tiagongHER/lib/python3.7/site-packages/gym/envs/registration.py", line 131, in spec
    raise error.UnregisteredEnv('No registered env with id: {}'.format(id))
gym.error.UnregisteredEnv: No registered env with id: ur5_PickAndPlace-v1
